2023-03-10 12:43:28,995 INFO  [restartedMain] com.dh.digitalBooking.DigitalBookingApplication : Starting DigitalBookingApplication using Java 17.0.6 with PID 51892 (/home/carlosfilho/Projetos/CTD_DH/DHBOOKING/backEnd/digitalBooking/target/classes started by carlosfilho in /home/carlosfilho/Projetos/CTD_DH/DHBOOKING/backEnd/digitalBooking)
2023-03-10 12:43:29,002 DEBUG [restartedMain] com.dh.digitalBooking.DigitalBookingApplication : Running with Spring Boot v3.0.2, Spring v6.0.4
2023-03-10 12:43:29,017 INFO  [restartedMain] com.dh.digitalBooking.DigitalBookingApplication : No active profile set, falling back to 1 default profile: "default"
2023-03-10 12:43:29,117 INFO  [restartedMain] org.springframework.boot.devtools.env.DevToolsPropertyDefaultsPostProcessor : Devtools property defaults active! Set 'spring.devtools.add-properties' to 'false' to disable
2023-03-10 12:43:29,118 INFO  [restartedMain] org.springframework.boot.devtools.env.DevToolsPropertyDefaultsPostProcessor : For additional web related logging consider setting the 'logging.level.web' property to 'DEBUG'
2023-03-10 12:43:30,487 INFO  [restartedMain] org.springframework.data.repository.config.RepositoryConfigurationDelegate : Bootstrapping Spring Data JPA repositories in DEFAULT mode.
2023-03-10 12:43:30,580 INFO  [restartedMain] org.springframework.data.repository.config.RepositoryConfigurationDelegate : Finished Spring Data repository scanning in 81 ms. Found 4 JPA repository interfaces.
2023-03-10 12:43:31,556 INFO  [restartedMain] org.springframework.boot.web.embedded.tomcat.TomcatWebServer : Tomcat initialized with port(s): 8080 (http)
2023-03-10 12:43:31,569 INFO  [restartedMain] org.apache.catalina.core.StandardService : Starting service [Tomcat]
2023-03-10 12:43:31,569 INFO  [restartedMain] org.apache.catalina.core.StandardEngine : Starting Servlet engine: [Apache Tomcat/10.1.5]
2023-03-10 12:43:31,644 INFO  [restartedMain] org.apache.catalina.core.ContainerBase.[Tomcat].[localhost].[/] : Initializing Spring embedded WebApplicationContext
2023-03-10 12:43:31,644 INFO  [restartedMain] org.springframework.boot.web.servlet.context.ServletWebServerApplicationContext : Root WebApplicationContext: initialization completed in 2526 ms
2023-03-10 12:43:32,741 INFO  [restartedMain] com.zaxxer.hikari.HikariDataSource : HikariPool-1 - Starting...
2023-03-10 12:43:33,800 INFO  [restartedMain] com.zaxxer.hikari.pool.HikariPool : HikariPool-1 - Added connection com.mysql.cj.jdbc.ConnectionImpl@7f8a2c71
2023-03-10 12:43:33,804 INFO  [restartedMain] com.zaxxer.hikari.HikariDataSource : HikariPool-1 - Start completed.
2023-03-10 12:43:33,957 INFO  [restartedMain] SQL dialect : HHH000400: Using dialect: org.hibernate.dialect.MySQLDialect
2023-03-10 12:43:35,679 INFO  [restartedMain] org.springframework.orm.jpa.LocalContainerEntityManagerFactoryBean : Initialized JPA EntityManagerFactory for persistence unit 'default'
2023-03-10 12:43:36,589 INFO  [restartedMain] org.springframework.beans.factory.annotation.AutowiredAnnotationBeanPostProcessor : Autowired annotation is not supported on static fields: private static com.dh.digitalBooking.repository.ImageRepository com.dh.digitalBooking.util.CategoryUtil.imageRepository
2023-03-10 12:43:36,590 INFO  [restartedMain] org.springframework.beans.factory.annotation.AutowiredAnnotationBeanPostProcessor : Autowired annotation is not supported on static fields: private static com.dh.digitalBooking.repository.ImageRepository com.dh.digitalBooking.util.UserUtil.imageRepository
2023-03-10 12:43:36,590 INFO  [restartedMain] org.springframework.beans.factory.annotation.AutowiredAnnotationBeanPostProcessor : Autowired annotation is not supported on static fields: private static com.dh.digitalBooking.repository.RoleRepository com.dh.digitalBooking.util.UserUtil.roleRepository
2023-03-10 12:43:36,620 WARN  [restartedMain] org.springframework.boot.autoconfigure.orm.jpa.JpaBaseConfiguration$JpaWebConfiguration : spring.jpa.open-in-view is enabled by default. Therefore, database queries may be performed during view rendering. Explicitly configure spring.jpa.open-in-view to disable this warning
2023-03-10 12:43:37,066 INFO  [restartedMain] org.springframework.security.web.DefaultSecurityFilterChain : Will secure any request with [org.springframework.security.web.session.DisableEncodeUrlFilter@1257656e, org.springframework.security.web.context.request.async.WebAsyncManagerIntegrationFilter@7cb3be73, org.springframework.security.web.context.SecurityContextHolderFilter@720c5801, org.springframework.security.web.header.HeaderWriterFilter@7effb7ba, org.springframework.security.web.authentication.logout.LogoutFilter@36221a38, org.springframework.security.web.authentication.www.BasicAuthenticationFilter@7d127304, org.springframework.security.web.savedrequest.RequestCacheAwareFilter@362f20aa, org.springframework.security.web.servletapi.SecurityContextHolderAwareRequestFilter@2e3c693d, org.springframework.security.web.authentication.AnonymousAuthenticationFilter@78c1f4db, org.springframework.security.web.access.ExceptionTranslationFilter@675c17d, org.springframework.security.web.access.intercept.AuthorizationFilter@71c2dd3b]
2023-03-10 12:43:37,308 WARN  [restartedMain] org.springframework.boot.autoconfigure.security.servlet.UserDetailsServiceAutoConfiguration : 

Using generated security password: c7a3cf79-19d9-4df4-bf63-7264ba16ad07

This generated password is for development use only. Your security configuration must be updated before running your application in production.

2023-03-10 12:43:37,347 INFO  [restartedMain] org.springframework.boot.devtools.autoconfigure.OptionalLiveReloadServer : LiveReload server is running on port 35729
2023-03-10 12:43:37,396 INFO  [restartedMain] org.springframework.boot.web.embedded.tomcat.TomcatWebServer : Tomcat started on port(s): 8080 (http) with context path ''
2023-03-10 12:43:37,409 INFO  [restartedMain] com.dh.digitalBooking.DigitalBookingApplication : Started DigitalBookingApplication in 9.681 seconds (process running for 11.889)
2023-03-10 12:46:45,260 INFO  [http-nio-8080-exec-1] org.apache.catalina.core.ContainerBase.[Tomcat].[localhost].[/] : Initializing Spring DispatcherServlet 'dispatcherServlet'
2023-03-10 12:46:45,731 INFO  [http-nio-8080-exec-1] com.dh.digitalBooking.controller.CategoryController : Find All Categories
2023-03-10 12:47:22,947 INFO  [http-nio-8080-exec-2] com.dh.digitalBooking.controller.ImageController : Find All Images
2023-03-10 12:47:37,776 INFO  [http-nio-8080-exec-4] com.dh.digitalBooking.controller.ImageController : Find Image by ID: 1
2023-03-10 12:49:56,773 INFO  [http-nio-8080-exec-7] com.dh.digitalBooking.controller.RoleController : Role All Categories
2023-03-10 12:50:40,972 INFO  [http-nio-8080-exec-8] com.dh.digitalBooking.controller.RoleController : Find Role by ID: 1
2023-03-10 12:52:19,618 INFO  [http-nio-8080-exec-10] com.dh.digitalBooking.controller.RoleController : Role All Categories
2023-03-10 12:52:57,730 INFO  [http-nio-8080-exec-1] com.dh.digitalBooking.controller.RoleController : Creating Role: Direito de Edição
2023-03-10 12:54:21,608 INFO  [http-nio-8080-exec-3] com.dh.digitalBooking.controller.RoleController : Role All Categories
2023-03-10 12:54:50,769 INFO  [http-nio-8080-exec-4] com.dh.digitalBooking.controller.RoleController : Delete Role by ID: 53
2023-03-10 12:55:13,133 INFO  [http-nio-8080-exec-5] com.dh.digitalBooking.controller.RoleController : Delete Role by ID: 3
2023-03-10 12:55:22,127 INFO  [http-nio-8080-exec-6] com.dh.digitalBooking.controller.RoleController : Delete Role by ID: 52
2023-03-10 12:55:32,061 INFO  [http-nio-8080-exec-7] com.dh.digitalBooking.controller.RoleController : Role All Categories
2023-03-10 12:55:53,789 INFO  [http-nio-8080-exec-8] com.dh.digitalBooking.controller.RoleController : Creating Role: Direito de Edição
2023-03-10 12:57:22,026 INFO  [http-nio-8080-exec-10] com.dh.digitalBooking.controller.RoleController : Role All Categories
2023-03-10 12:57:54,181 INFO  [http-nio-8080-exec-1] com.dh.digitalBooking.controller.RoleController : Find Role by ID: 53
2023-03-10 12:58:03,233 INFO  [http-nio-8080-exec-2] com.dh.digitalBooking.controller.RoleController : Role All Categories
2023-03-10 12:58:57,009 INFO  [http-nio-8080-exec-3] com.dh.digitalBooking.controller.RoleController : Role All Categories
2023-03-10 12:59:28,926 INFO  [http-nio-8080-exec-4] com.dh.digitalBooking.controller.RoleController : Find Role by ID: 53
2023-03-10 13:04:49,743 INFO  [SpringApplicationShutdownHook] org.springframework.orm.jpa.LocalContainerEntityManagerFactoryBean : Closing JPA EntityManagerFactory for persistence unit 'default'
2023-03-10 13:04:49,753 INFO  [SpringApplicationShutdownHook] com.zaxxer.hikari.HikariDataSource : HikariPool-1 - Shutdown initiated...
2023-03-10 13:04:49,817 INFO  [SpringApplicationShutdownHook] com.zaxxer.hikari.HikariDataSource : HikariPool-1 - Shutdown completed.
2023-03-10 13:05:00,285 INFO  [restartedMain] com.dh.digitalBooking.DigitalBookingApplication : Starting DigitalBookingApplication using Java 17.0.6 with PID 56294 (/home/carlosfilho/Projetos/CTD_DH/DHBOOKING/backEnd/digitalBooking/target/classes started by carlosfilho in /home/carlosfilho/Projetos/CTD_DH/DHBOOKING/backEnd/digitalBooking)
2023-03-10 13:05:00,289 DEBUG [restartedMain] com.dh.digitalBooking.DigitalBookingApplication : Running with Spring Boot v3.0.2, Spring v6.0.4
2023-03-10 13:05:00,304 INFO  [restartedMain] com.dh.digitalBooking.DigitalBookingApplication : No active profile set, falling back to 1 default profile: "default"
2023-03-10 13:05:00,452 INFO  [restartedMain] org.springframework.boot.devtools.env.DevToolsPropertyDefaultsPostProcessor : Devtools property defaults active! Set 'spring.devtools.add-properties' to 'false' to disable
2023-03-10 13:05:00,452 INFO  [restartedMain] org.springframework.boot.devtools.env.DevToolsPropertyDefaultsPostProcessor : For additional web related logging consider setting the 'logging.level.web' property to 'DEBUG'
2023-03-10 13:05:02,603 INFO  [restartedMain] org.springframework.data.repository.config.RepositoryConfigurationDelegate : Bootstrapping Spring Data JPA repositories in DEFAULT mode.
2023-03-10 13:05:02,740 INFO  [restartedMain] org.springframework.data.repository.config.RepositoryConfigurationDelegate : Finished Spring Data repository scanning in 114 ms. Found 4 JPA repository interfaces.
2023-03-10 13:05:03,755 INFO  [restartedMain] org.springframework.boot.web.embedded.tomcat.TomcatWebServer : Tomcat initialized with port(s): 8080 (http)
2023-03-10 13:05:03,768 INFO  [restartedMain] org.apache.catalina.core.StandardService : Starting service [Tomcat]
2023-03-10 13:05:03,769 INFO  [restartedMain] org.apache.catalina.core.StandardEngine : Starting Servlet engine: [Apache Tomcat/10.1.5]
2023-03-10 13:05:03,837 INFO  [restartedMain] org.apache.catalina.core.ContainerBase.[Tomcat].[localhost].[/] : Initializing Spring embedded WebApplicationContext
2023-03-10 13:05:03,837 INFO  [restartedMain] org.springframework.boot.web.servlet.context.ServletWebServerApplicationContext : Root WebApplicationContext: initialization completed in 3384 ms
2023-03-10 13:05:05,078 INFO  [restartedMain] com.zaxxer.hikari.HikariDataSource : HikariPool-1 - Starting...
2023-03-10 13:05:05,704 INFO  [restartedMain] com.zaxxer.hikari.pool.HikariPool : HikariPool-1 - Added connection com.mysql.cj.jdbc.ConnectionImpl@62d27c40
2023-03-10 13:05:05,707 INFO  [restartedMain] com.zaxxer.hikari.HikariDataSource : HikariPool-1 - Start completed.
2023-03-10 13:05:05,796 INFO  [restartedMain] SQL dialect : HHH000400: Using dialect: org.hibernate.dialect.MySQLDialect
2023-03-10 13:05:07,065 INFO  [restartedMain] org.springframework.orm.jpa.LocalContainerEntityManagerFactoryBean : Initialized JPA EntityManagerFactory for persistence unit 'default'
2023-03-10 13:05:08,293 INFO  [restartedMain] org.springframework.beans.factory.annotation.AutowiredAnnotationBeanPostProcessor : Autowired annotation is not supported on static fields: private static com.dh.digitalBooking.repository.ImageRepository com.dh.digitalBooking.util.CategoryUtil.imageRepository
2023-03-10 13:05:08,295 INFO  [restartedMain] org.springframework.beans.factory.annotation.AutowiredAnnotationBeanPostProcessor : Autowired annotation is not supported on static fields: private static com.dh.digitalBooking.repository.ImageRepository com.dh.digitalBooking.util.UserUtil.imageRepository
2023-03-10 13:05:08,295 INFO  [restartedMain] org.springframework.beans.factory.annotation.AutowiredAnnotationBeanPostProcessor : Autowired annotation is not supported on static fields: private static com.dh.digitalBooking.repository.RoleRepository com.dh.digitalBooking.util.UserUtil.roleRepository
2023-03-10 13:05:08,358 WARN  [restartedMain] org.springframework.boot.autoconfigure.orm.jpa.JpaBaseConfiguration$JpaWebConfiguration : spring.jpa.open-in-view is enabled by default. Therefore, database queries may be performed during view rendering. Explicitly configure spring.jpa.open-in-view to disable this warning
2023-03-10 13:05:08,917 INFO  [restartedMain] org.springframework.security.web.DefaultSecurityFilterChain : Will secure any request with [org.springframework.security.web.session.DisableEncodeUrlFilter@181cc539, org.springframework.security.web.context.request.async.WebAsyncManagerIntegrationFilter@512aeb39, org.springframework.security.web.context.SecurityContextHolderFilter@5aee3cc9, org.springframework.security.web.header.HeaderWriterFilter@14b667ba, org.springframework.security.web.authentication.logout.LogoutFilter@25e68a33, org.springframework.security.web.authentication.www.BasicAuthenticationFilter@3295ad1, org.springframework.security.web.savedrequest.RequestCacheAwareFilter@6410a49a, org.springframework.security.web.servletapi.SecurityContextHolderAwareRequestFilter@5a81a302, org.springframework.security.web.authentication.AnonymousAuthenticationFilter@1f52020e, org.springframework.security.web.access.ExceptionTranslationFilter@37e5290b, org.springframework.security.web.access.intercept.AuthorizationFilter@5e30c5d7]
2023-03-10 13:05:09,202 WARN  [restartedMain] org.springframework.boot.autoconfigure.security.servlet.UserDetailsServiceAutoConfiguration : 

Using generated security password: 42d12c9b-8737-4ee3-a2c7-43010f2d6678

This generated password is for development use only. Your security configuration must be updated before running your application in production.

2023-03-10 13:05:09,256 INFO  [restartedMain] org.springframework.boot.devtools.autoconfigure.OptionalLiveReloadServer : LiveReload server is running on port 35729
2023-03-10 13:05:09,344 INFO  [restartedMain] org.springframework.boot.web.embedded.tomcat.TomcatWebServer : Tomcat started on port(s): 8080 (http) with context path ''
2023-03-10 13:05:09,372 INFO  [restartedMain] com.dh.digitalBooking.DigitalBookingApplication : Started DigitalBookingApplication in 10.318 seconds (process running for 12.45)
2023-03-10 13:07:37,021 INFO  [http-nio-8080-exec-1] org.apache.catalina.core.ContainerBase.[Tomcat].[localhost].[/] : Initializing Spring DispatcherServlet 'dispatcherServlet'
2023-03-10 13:07:37,514 INFO  [http-nio-8080-exec-1] com.dh.digitalBooking.controller.UserController : Find All Users
2023-03-10 13:09:27,494 INFO  [SpringApplicationShutdownHook] org.springframework.orm.jpa.LocalContainerEntityManagerFactoryBean : Closing JPA EntityManagerFactory for persistence unit 'default'
2023-03-10 13:09:27,503 INFO  [SpringApplicationShutdownHook] com.zaxxer.hikari.HikariDataSource : HikariPool-1 - Shutdown initiated...
2023-03-10 13:09:27,521 INFO  [SpringApplicationShutdownHook] com.zaxxer.hikari.HikariDataSource : HikariPool-1 - Shutdown completed.
2023-03-10 13:10:26,714 INFO  [restartedMain] com.dh.digitalBooking.DigitalBookingApplication : Starting DigitalBookingApplication using Java 17.0.6 with PID 57386 (/home/carlosfilho/Projetos/CTD_DH/DHBOOKING/backEnd/digitalBooking/target/classes started by carlosfilho in /home/carlosfilho/Projetos/CTD_DH/DHBOOKING/backEnd/digitalBooking)
2023-03-10 13:10:26,723 DEBUG [restartedMain] com.dh.digitalBooking.DigitalBookingApplication : Running with Spring Boot v3.0.2, Spring v6.0.4
2023-03-10 13:10:26,729 INFO  [restartedMain] com.dh.digitalBooking.DigitalBookingApplication : No active profile set, falling back to 1 default profile: "default"
2023-03-10 13:10:26,860 INFO  [restartedMain] org.springframework.boot.devtools.env.DevToolsPropertyDefaultsPostProcessor : Devtools property defaults active! Set 'spring.devtools.add-properties' to 'false' to disable
2023-03-10 13:10:26,862 INFO  [restartedMain] org.springframework.boot.devtools.env.DevToolsPropertyDefaultsPostProcessor : For additional web related logging consider setting the 'logging.level.web' property to 'DEBUG'
2023-03-10 13:10:28,456 INFO  [restartedMain] org.springframework.data.repository.config.RepositoryConfigurationDelegate : Bootstrapping Spring Data JPA repositories in DEFAULT mode.
2023-03-10 13:10:28,643 INFO  [restartedMain] org.springframework.data.repository.config.RepositoryConfigurationDelegate : Finished Spring Data repository scanning in 170 ms. Found 4 JPA repository interfaces.
2023-03-10 13:10:31,019 INFO  [restartedMain] org.springframework.boot.web.embedded.tomcat.TomcatWebServer : Tomcat initialized with port(s): 8080 (http)
2023-03-10 13:10:31,035 INFO  [restartedMain] org.apache.catalina.core.StandardService : Starting service [Tomcat]
2023-03-10 13:10:31,035 INFO  [restartedMain] org.apache.catalina.core.StandardEngine : Starting Servlet engine: [Apache Tomcat/10.1.5]
2023-03-10 13:10:31,155 INFO  [restartedMain] org.apache.catalina.core.ContainerBase.[Tomcat].[localhost].[/] : Initializing Spring embedded WebApplicationContext
2023-03-10 13:10:31,179 INFO  [restartedMain] org.springframework.boot.web.servlet.context.ServletWebServerApplicationContext : Root WebApplicationContext: initialization completed in 4315 ms
2023-03-10 13:10:32,222 INFO  [restartedMain] com.zaxxer.hikari.HikariDataSource : HikariPool-1 - Starting...
2023-03-10 13:10:32,836 INFO  [restartedMain] com.zaxxer.hikari.pool.HikariPool : HikariPool-1 - Added connection com.mysql.cj.jdbc.ConnectionImpl@7719751b
2023-03-10 13:10:32,839 INFO  [restartedMain] com.zaxxer.hikari.HikariDataSource : HikariPool-1 - Start completed.
2023-03-10 13:10:32,919 INFO  [restartedMain] SQL dialect : HHH000400: Using dialect: org.hibernate.dialect.MySQLDialect
2023-03-10 13:10:34,216 INFO  [restartedMain] org.springframework.orm.jpa.LocalContainerEntityManagerFactoryBean : Initialized JPA EntityManagerFactory for persistence unit 'default'
2023-03-10 13:10:35,680 INFO  [restartedMain] org.springframework.beans.factory.annotation.AutowiredAnnotationBeanPostProcessor : Autowired annotation is not supported on static fields: private static com.dh.digitalBooking.repository.ImageRepository com.dh.digitalBooking.util.CategoryUtil.imageRepository
2023-03-10 13:10:35,681 INFO  [restartedMain] org.springframework.beans.factory.annotation.AutowiredAnnotationBeanPostProcessor : Autowired annotation is not supported on static fields: private static com.dh.digitalBooking.repository.ImageRepository com.dh.digitalBooking.util.UserUtil.imageRepository
2023-03-10 13:10:35,681 INFO  [restartedMain] org.springframework.beans.factory.annotation.AutowiredAnnotationBeanPostProcessor : Autowired annotation is not supported on static fields: private static com.dh.digitalBooking.repository.RoleRepository com.dh.digitalBooking.util.UserUtil.roleRepository
2023-03-10 13:10:35,715 WARN  [restartedMain] org.springframework.boot.autoconfigure.orm.jpa.JpaBaseConfiguration$JpaWebConfiguration : spring.jpa.open-in-view is enabled by default. Therefore, database queries may be performed during view rendering. Explicitly configure spring.jpa.open-in-view to disable this warning
2023-03-10 13:10:36,205 INFO  [restartedMain] org.springframework.security.web.DefaultSecurityFilterChain : Will secure any request with [org.springframework.security.web.session.DisableEncodeUrlFilter@bed3e7b, org.springframework.security.web.context.request.async.WebAsyncManagerIntegrationFilter@4c57317b, org.springframework.security.web.context.SecurityContextHolderFilter@5d7e76e9, org.springframework.security.web.header.HeaderWriterFilter@48de61e2, org.springframework.security.web.authentication.logout.LogoutFilter@6bef7c11, org.springframework.security.web.authentication.www.BasicAuthenticationFilter@6f65030e, org.springframework.security.web.savedrequest.RequestCacheAwareFilter@affda9b, org.springframework.security.web.servletapi.SecurityContextHolderAwareRequestFilter@3fcf47b, org.springframework.security.web.authentication.AnonymousAuthenticationFilter@6990acf5, org.springframework.security.web.access.ExceptionTranslationFilter@1ee5b3e9, org.springframework.security.web.access.intercept.AuthorizationFilter@22af8aee]
2023-03-10 13:10:36,736 WARN  [restartedMain] org.springframework.boot.autoconfigure.security.servlet.UserDetailsServiceAutoConfiguration : 

Using generated security password: 4c4a78b6-d0dd-4bb7-81cc-dbe3eb895336

This generated password is for development use only. Your security configuration must be updated before running your application in production.

2023-03-10 13:10:36,953 INFO  [restartedMain] org.springframework.boot.devtools.autoconfigure.OptionalLiveReloadServer : LiveReload server is running on port 35729
2023-03-10 13:10:37,092 INFO  [restartedMain] org.springframework.boot.web.embedded.tomcat.TomcatWebServer : Tomcat started on port(s): 8080 (http) with context path ''
2023-03-10 13:10:37,123 INFO  [restartedMain] com.dh.digitalBooking.DigitalBookingApplication : Started DigitalBookingApplication in 11.894 seconds (process running for 14.074)
2023-03-10 13:15:21,212 INFO  [http-nio-8080-exec-1] org.apache.catalina.core.ContainerBase.[Tomcat].[localhost].[/] : Initializing Spring DispatcherServlet 'dispatcherServlet'
2023-03-10 13:15:21,665 INFO  [http-nio-8080-exec-1] com.dh.digitalBooking.controller.UserController : Find All Users
2023-03-10 13:22:00,455 INFO  [http-nio-8080-exec-6] com.dh.digitalBooking.controller.UserController : Create User: Carlos
2023-03-10 13:22:00,464 ERROR [http-nio-8080-exec-6] org.apache.catalina.core.ContainerBase.[Tomcat].[localhost].[/].[dispatcherServlet] : Servlet.service() for servlet [dispatcherServlet] in context with path [] threw exception [Request processing failed: java.lang.NullPointerException: Cannot invoke "com.dh.digitalBooking.repository.RoleRepository.findById(Object)" because "com.dh.digitalBooking.util.UserUtil.roleRepository" is null] with root cause
java.lang.NullPointerException: Cannot invoke "com.dh.digitalBooking.repository.RoleRepository.findById(Object)" because "com.dh.digitalBooking.util.UserUtil.roleRepository" is null
	at com.dh.digitalBooking.util.UserUtil.convertToEntity(UserUtil.java:48)
	at com.dh.digitalBooking.service.UserService.save(UserService.java:31)
	at com.dh.digitalBooking.controller.UserController.save(UserController.java:57)
	at java.base/jdk.internal.reflect.NativeMethodAccessorImpl.invoke0(Native Method)
	at java.base/jdk.internal.reflect.NativeMethodAccessorImpl.invoke(NativeMethodAccessorImpl.java:77)
	at java.base/jdk.internal.reflect.DelegatingMethodAccessorImpl.invoke(DelegatingMethodAccessorImpl.java:43)
	at java.base/java.lang.reflect.Method.invoke(Method.java:568)
	at org.springframework.web.method.support.InvocableHandlerMethod.doInvoke(InvocableHandlerMethod.java:207)
	at org.springframework.web.method.support.InvocableHandlerMethod.invokeForRequest(InvocableHandlerMethod.java:152)
	at org.springframework.web.servlet.mvc.method.annotation.ServletInvocableHandlerMethod.invokeAndHandle(ServletInvocableHandlerMethod.java:117)
	at org.springframework.web.servlet.mvc.method.annotation.RequestMappingHandlerAdapter.invokeHandlerMethod(RequestMappingHandlerAdapter.java:884)
	at org.springframework.web.servlet.mvc.method.annotation.RequestMappingHandlerAdapter.handleInternal(RequestMappingHandlerAdapter.java:797)
	at org.springframework.web.servlet.mvc.method.AbstractHandlerMethodAdapter.handle(AbstractHandlerMethodAdapter.java:87)
	at org.springframework.web.servlet.DispatcherServlet.doDispatch(DispatcherServlet.java:1080)
	at org.springframework.web.servlet.DispatcherServlet.doService(DispatcherServlet.java:973)
	at org.springframework.web.servlet.FrameworkServlet.processRequest(FrameworkServlet.java:1011)
	at org.springframework.web.servlet.FrameworkServlet.doPost(FrameworkServlet.java:914)
	at jakarta.servlet.http.HttpServlet.service(HttpServlet.java:731)
	at org.springframework.web.servlet.FrameworkServlet.service(FrameworkServlet.java:885)
	at jakarta.servlet.http.HttpServlet.service(HttpServlet.java:814)
	at org.apache.catalina.core.ApplicationFilterChain.internalDoFilter(ApplicationFilterChain.java:223)
	at org.apache.catalina.core.ApplicationFilterChain.doFilter(ApplicationFilterChain.java:158)
	at org.apache.tomcat.websocket.server.WsFilter.doFilter(WsFilter.java:53)
	at org.apache.catalina.core.ApplicationFilterChain.internalDoFilter(ApplicationFilterChain.java:185)
	at org.apache.catalina.core.ApplicationFilterChain.doFilter(ApplicationFilterChain.java:158)
	at org.springframework.security.web.FilterChainProxy.lambda$doFilterInternal$3(FilterChainProxy.java:231)
	at org.springframework.security.web.FilterChainProxy$VirtualFilterChain.doFilter(FilterChainProxy.java:365)
	at org.springframework.security.web.access.intercept.AuthorizationFilter.doFilter(AuthorizationFilter.java:100)
	at org.springframework.security.web.FilterChainProxy$VirtualFilterChain.doFilter(FilterChainProxy.java:374)
	at org.springframework.security.web.access.ExceptionTranslationFilter.doFilter(ExceptionTranslationFilter.java:126)
	at org.springframework.security.web.access.ExceptionTranslationFilter.doFilter(ExceptionTranslationFilter.java:120)
	at org.springframework.security.web.FilterChainProxy$VirtualFilterChain.doFilter(FilterChainProxy.java:374)
	at org.springframework.security.web.authentication.AnonymousAuthenticationFilter.doFilter(AnonymousAuthenticationFilter.java:100)
	at org.springframework.security.web.FilterChainProxy$VirtualFilterChain.doFilter(FilterChainProxy.java:374)
	at org.springframework.security.web.servletapi.SecurityContextHolderAwareRequestFilter.doFilter(SecurityContextHolderAwareRequestFilter.java:179)
	at org.springframework.security.web.FilterChainProxy$VirtualFilterChain.doFilter(FilterChainProxy.java:374)
	at org.springframework.security.web.savedrequest.RequestCacheAwareFilter.doFilter(RequestCacheAwareFilter.java:63)
	at org.springframework.security.web.FilterChainProxy$VirtualFilterChain.doFilter(FilterChainProxy.java:374)
	at org.springframework.security.web.authentication.www.BasicAuthenticationFilter.doFilterInternal(BasicAuthenticationFilter.java:202)
	at org.springframework.web.filter.OncePerRequestFilter.doFilter(OncePerRequestFilter.java:116)
	at org.springframework.security.web.FilterChainProxy$VirtualFilterChain.doFilter(FilterChainProxy.java:374)
	at org.springframework.security.web.authentication.logout.LogoutFilter.doFilter(LogoutFilter.java:107)
	at org.springframework.security.web.authentication.logout.LogoutFilter.doFilter(LogoutFilter.java:93)
	at org.springframework.security.web.FilterChainProxy$VirtualFilterChain.doFilter(FilterChainProxy.java:374)
	at org.springframework.security.web.header.HeaderWriterFilter.doHeadersAfter(HeaderWriterFilter.java:90)
	at org.springframework.security.web.header.HeaderWriterFilter.doFilterInternal(HeaderWriterFilter.java:75)
	at org.springframework.web.filter.OncePerRequestFilter.doFilter(OncePerRequestFilter.java:116)
	at org.springframework.security.web.FilterChainProxy$VirtualFilterChain.doFilter(FilterChainProxy.java:374)
	at org.springframework.security.web.context.SecurityContextHolderFilter.doFilter(SecurityContextHolderFilter.java:82)
	at org.springframework.security.web.context.SecurityContextHolderFilter.doFilter(SecurityContextHolderFilter.java:69)
	at org.springframework.security.web.FilterChainProxy$VirtualFilterChain.doFilter(FilterChainProxy.java:374)
	at org.springframework.security.web.context.request.async.WebAsyncManagerIntegrationFilter.doFilterInternal(WebAsyncManagerIntegrationFilter.java:62)
	at org.springframework.web.filter.OncePerRequestFilter.doFilter(OncePerRequestFilter.java:116)
	at org.springframework.security.web.FilterChainProxy$VirtualFilterChain.doFilter(FilterChainProxy.java:374)
	at org.springframework.security.web.session.DisableEncodeUrlFilter.doFilterInternal(DisableEncodeUrlFilter.java:42)
	at org.springframework.web.filter.OncePerRequestFilter.doFilter(OncePerRequestFilter.java:116)
	at org.springframework.security.web.FilterChainProxy$VirtualFilterChain.doFilter(FilterChainProxy.java:374)
	at org.springframework.security.web.FilterChainProxy.doFilterInternal(FilterChainProxy.java:233)
	at org.springframework.security.web.FilterChainProxy.doFilter(FilterChainProxy.java:191)
	at org.springframework.web.filter.DelegatingFilterProxy.invokeDelegate(DelegatingFilterProxy.java:351)
	at org.springframework.web.filter.DelegatingFilterProxy.doFilter(DelegatingFilterProxy.java:267)
	at org.apache.catalina.core.ApplicationFilterChain.internalDoFilter(ApplicationFilterChain.java:185)
	at org.apache.catalina.core.ApplicationFilterChain.doFilter(ApplicationFilterChain.java:158)
	at org.springframework.web.filter.RequestContextFilter.doFilterInternal(RequestContextFilter.java:100)
	at org.springframework.web.filter.OncePerRequestFilter.doFilter(OncePerRequestFilter.java:116)
	at org.apache.catalina.core.ApplicationFilterChain.internalDoFilter(ApplicationFilterChain.java:185)
	at org.apache.catalina.core.ApplicationFilterChain.doFilter(ApplicationFilterChain.java:158)
	at org.springframework.web.filter.FormContentFilter.doFilterInternal(FormContentFilter.java:93)
	at org.springframework.web.filter.OncePerRequestFilter.doFilter(OncePerRequestFilter.java:116)
	at org.apache.catalina.core.ApplicationFilterChain.internalDoFilter(ApplicationFilterChain.java:185)
	at org.apache.catalina.core.ApplicationFilterChain.doFilter(ApplicationFilterChain.java:158)
	at org.springframework.web.filter.CharacterEncodingFilter.doFilterInternal(CharacterEncodingFilter.java:201)
	at org.springframework.web.filter.OncePerRequestFilter.doFilter(OncePerRequestFilter.java:116)
	at org.apache.catalina.core.ApplicationFilterChain.internalDoFilter(ApplicationFilterChain.java:185)
	at org.apache.catalina.core.ApplicationFilterChain.doFilter(ApplicationFilterChain.java:158)
	at org.apache.catalina.core.StandardWrapperValve.invoke(StandardWrapperValve.java:177)
	at org.apache.catalina.core.StandardContextValve.invoke(StandardContextValve.java:97)
	at org.apache.catalina.authenticator.AuthenticatorBase.invoke(AuthenticatorBase.java:542)
	at org.apache.catalina.core.StandardHostValve.invoke(StandardHostValve.java:119)
	at org.apache.catalina.valves.ErrorReportValve.invoke(ErrorReportValve.java:92)
	at org.apache.catalina.core.StandardEngineValve.invoke(StandardEngineValve.java:78)
	at org.apache.catalina.connector.CoyoteAdapter.service(CoyoteAdapter.java:357)
	at org.apache.coyote.http11.Http11Processor.service(Http11Processor.java:400)
	at org.apache.coyote.AbstractProcessorLight.process(AbstractProcessorLight.java:65)
	at org.apache.coyote.AbstractProtocol$ConnectionHandler.process(AbstractProtocol.java:859)
	at org.apache.tomcat.util.net.NioEndpoint$SocketProcessor.doRun(NioEndpoint.java:1734)
	at org.apache.tomcat.util.net.SocketProcessorBase.run(SocketProcessorBase.java:52)
	at org.apache.tomcat.util.threads.ThreadPoolExecutor.runWorker(ThreadPoolExecutor.java:1191)
	at org.apache.tomcat.util.threads.ThreadPoolExecutor$Worker.run(ThreadPoolExecutor.java:659)
	at org.apache.tomcat.util.threads.TaskThread$WrappingRunnable.run(TaskThread.java:61)
	at java.base/java.lang.Thread.run(Thread.java:833)
2023-03-10 13:33:49,054 INFO  [SpringApplicationShutdownHook] org.springframework.orm.jpa.LocalContainerEntityManagerFactoryBean : Closing JPA EntityManagerFactory for persistence unit 'default'
2023-03-10 13:33:49,065 INFO  [SpringApplicationShutdownHook] com.zaxxer.hikari.HikariDataSource : HikariPool-1 - Shutdown initiated...
2023-03-10 13:33:49,081 INFO  [SpringApplicationShutdownHook] com.zaxxer.hikari.HikariDataSource : HikariPool-1 - Shutdown completed.
2023-03-10 13:33:59,733 INFO  [restartedMain] com.dh.digitalBooking.DigitalBookingApplication : Starting DigitalBookingApplication using Java 17.0.6 with PID 61442 (/home/carlosfilho/Projetos/CTD_DH/DHBOOKING/backEnd/digitalBooking/target/classes started by carlosfilho in /home/carlosfilho/Projetos/CTD_DH/DHBOOKING/backEnd/digitalBooking)
2023-03-10 13:33:59,737 DEBUG [restartedMain] com.dh.digitalBooking.DigitalBookingApplication : Running with Spring Boot v3.0.2, Spring v6.0.4
2023-03-10 13:33:59,739 INFO  [restartedMain] com.dh.digitalBooking.DigitalBookingApplication : No active profile set, falling back to 1 default profile: "default"
2023-03-10 13:33:59,886 INFO  [restartedMain] org.springframework.boot.devtools.env.DevToolsPropertyDefaultsPostProcessor : Devtools property defaults active! Set 'spring.devtools.add-properties' to 'false' to disable
2023-03-10 13:33:59,887 INFO  [restartedMain] org.springframework.boot.devtools.env.DevToolsPropertyDefaultsPostProcessor : For additional web related logging consider setting the 'logging.level.web' property to 'DEBUG'
2023-03-10 13:34:01,138 INFO  [restartedMain] org.springframework.data.repository.config.RepositoryConfigurationDelegate : Bootstrapping Spring Data JPA repositories in DEFAULT mode.
2023-03-10 13:34:01,232 INFO  [restartedMain] org.springframework.data.repository.config.RepositoryConfigurationDelegate : Finished Spring Data repository scanning in 83 ms. Found 4 JPA repository interfaces.
2023-03-10 13:34:02,150 INFO  [restartedMain] org.springframework.boot.web.embedded.tomcat.TomcatWebServer : Tomcat initialized with port(s): 8080 (http)
2023-03-10 13:34:02,161 INFO  [restartedMain] org.apache.catalina.core.StandardService : Starting service [Tomcat]
2023-03-10 13:34:02,162 INFO  [restartedMain] org.apache.catalina.core.StandardEngine : Starting Servlet engine: [Apache Tomcat/10.1.5]
2023-03-10 13:34:02,224 INFO  [restartedMain] org.apache.catalina.core.ContainerBase.[Tomcat].[localhost].[/] : Initializing Spring embedded WebApplicationContext
2023-03-10 13:34:02,224 INFO  [restartedMain] org.springframework.boot.web.servlet.context.ServletWebServerApplicationContext : Root WebApplicationContext: initialization completed in 2336 ms
2023-03-10 13:34:02,800 INFO  [restartedMain] com.zaxxer.hikari.HikariDataSource : HikariPool-1 - Starting...
2023-03-10 13:34:03,163 INFO  [restartedMain] com.zaxxer.hikari.pool.HikariPool : HikariPool-1 - Added connection com.mysql.cj.jdbc.ConnectionImpl@e797ad1
2023-03-10 13:34:03,166 INFO  [restartedMain] com.zaxxer.hikari.HikariDataSource : HikariPool-1 - Start completed.
2023-03-10 13:34:03,241 INFO  [restartedMain] SQL dialect : HHH000400: Using dialect: org.hibernate.dialect.MySQLDialect
2023-03-10 13:34:04,395 INFO  [restartedMain] org.springframework.orm.jpa.LocalContainerEntityManagerFactoryBean : Initialized JPA EntityManagerFactory for persistence unit 'default'
2023-03-10 13:34:05,283 INFO  [restartedMain] org.springframework.beans.factory.annotation.AutowiredAnnotationBeanPostProcessor : Autowired annotation is not supported on static fields: private static com.dh.digitalBooking.repository.ImageRepository com.dh.digitalBooking.util.CategoryUtil.imageRepository
2023-03-10 13:34:05,314 WARN  [restartedMain] org.springframework.boot.autoconfigure.orm.jpa.JpaBaseConfiguration$JpaWebConfiguration : spring.jpa.open-in-view is enabled by default. Therefore, database queries may be performed during view rendering. Explicitly configure spring.jpa.open-in-view to disable this warning
2023-03-10 13:34:05,711 INFO  [restartedMain] org.springframework.security.web.DefaultSecurityFilterChain : Will secure any request with [org.springframework.security.web.session.DisableEncodeUrlFilter@5ac6278c, org.springframework.security.web.context.request.async.WebAsyncManagerIntegrationFilter@6ff27fa8, org.springframework.security.web.context.SecurityContextHolderFilter@11652345, org.springframework.security.web.header.HeaderWriterFilter@626067a2, org.springframework.security.web.authentication.logout.LogoutFilter@5f5b17dc, org.springframework.security.web.authentication.www.BasicAuthenticationFilter@141432be, org.springframework.security.web.savedrequest.RequestCacheAwareFilter@3164433c, org.springframework.security.web.servletapi.SecurityContextHolderAwareRequestFilter@3d8c950d, org.springframework.security.web.authentication.AnonymousAuthenticationFilter@2e72a11d, org.springframework.security.web.access.ExceptionTranslationFilter@323f1aec, org.springframework.security.web.access.intercept.AuthorizationFilter@6e9e9801]
2023-03-10 13:34:05,993 WARN  [restartedMain] org.springframework.boot.autoconfigure.security.servlet.UserDetailsServiceAutoConfiguration : 

Using generated security password: 7851a16b-7dde-498e-8362-f927648fbfdd

This generated password is for development use only. Your security configuration must be updated before running your application in production.

2023-03-10 13:34:06,033 INFO  [restartedMain] org.springframework.boot.devtools.autoconfigure.OptionalLiveReloadServer : LiveReload server is running on port 35729
2023-03-10 13:34:06,082 INFO  [restartedMain] org.springframework.boot.web.embedded.tomcat.TomcatWebServer : Tomcat started on port(s): 8080 (http) with context path ''
2023-03-10 13:34:06,097 INFO  [restartedMain] com.dh.digitalBooking.DigitalBookingApplication : Started DigitalBookingApplication in 7.51 seconds (process running for 9.578)
2023-03-10 13:34:16,090 INFO  [http-nio-8080-exec-1] org.apache.catalina.core.ContainerBase.[Tomcat].[localhost].[/] : Initializing Spring DispatcherServlet 'dispatcherServlet'
2023-03-10 13:34:16,698 INFO  [http-nio-8080-exec-1] com.dh.digitalBooking.controller.UserController : Create User: Carlos
2023-03-10 13:34:39,124 INFO  [http-nio-8080-exec-2] com.dh.digitalBooking.controller.UserController : Find All Users
2023-03-10 13:38:47,114 INFO  [http-nio-8080-exec-4] com.dh.digitalBooking.controller.UserController : Find User by ID: 1
2023-03-10 13:40:25,159 INFO  [http-nio-8080-exec-6] com.dh.digitalBooking.controller.UserController : Delete Category by ID: 3
2023-03-10 13:40:43,107 INFO  [http-nio-8080-exec-7] com.dh.digitalBooking.controller.UserController : Create User: Carlos
2023-03-10 13:43:38,789 INFO  [http-nio-8080-exec-9] com.dh.digitalBooking.controller.UserController : Find User by ID: 4
2023-03-10 13:45:23,204 INFO  [http-nio-8080-exec-1] com.dh.digitalBooking.controller.UserController : Update Category by ID: 4
2023-03-10 13:45:44,848 INFO  [http-nio-8080-exec-2] com.dh.digitalBooking.controller.UserController : Find All Users
